Traceback (most recent call last):
  File "/home/ksuresh/miniconda3/envs/env_jupyter-book/lib/python3.12/site-packages/jupyter_cache/executors/utils.py", line 58, in single_nb_execution
    executenb(
  File "/home/ksuresh/miniconda3/envs/env_jupyter-book/lib/python3.12/site-packages/nbclient/client.py", line 1314, in execute
    return NotebookClient(nb=nb, resources=resources, km=km, **kwargs).execute()
           ^^^^^^^^^^^^^^^^^^^^^^^^^^^^^^^^^^^^^^^^^^^^^^^^^^^^^^^^^^^^^^^^^^^^^
  File "/home/ksuresh/miniconda3/envs/env_jupyter-book/lib/python3.12/site-packages/jupyter_core/utils/__init__.py", line 165, in wrapped
    return loop.run_until_complete(inner)
           ^^^^^^^^^^^^^^^^^^^^^^^^^^^^^^
  File "/home/ksuresh/miniconda3/envs/env_jupyter-book/lib/python3.12/asyncio/base_events.py", line 687, in run_until_complete
    return future.result()
           ^^^^^^^^^^^^^^^
  File "/home/ksuresh/miniconda3/envs/env_jupyter-book/lib/python3.12/site-packages/nbclient/client.py", line 709, in async_execute
    await self.async_execute_cell(
  File "/home/ksuresh/miniconda3/envs/env_jupyter-book/lib/python3.12/site-packages/nbclient/client.py", line 1062, in async_execute_cell
    await self._check_raise_for_error(cell, cell_index, exec_reply)
  File "/home/ksuresh/miniconda3/envs/env_jupyter-book/lib/python3.12/site-packages/nbclient/client.py", line 918, in _check_raise_for_error
    raise CellExecutionError.from_cell_and_msg(cell, exec_reply_content)
nbclient.exceptions.CellExecutionError: An error occurred while executing the following cell:
------------------
%load_ext autoreload
%autoreload 2


import os
import matplotlib.pyplot as plt
import numpy as np
import pandas as pd
#import AI4NP_detector_opt.sol2.detector2 as detector2
import detector2
from pymoo.algorithms.moo.nsga2 import NSGA2
from pymoo.core.problem import Problem
from pymoo.optimize import minimize
from pymoo.visualization.scatter import Scatter
from pymoo.util.display.column import Column
from pymoo.util.display.output import Output

from pymoo.util.nds.non_dominated_sorting import NonDominatedSorting

------------------


[0;31m---------------------------------------------------------------------------[0m
[0;31mAttributeError[0m                            Traceback (most recent call last)
Cell [0;32mIn[3], line 11[0m
[1;32m      9[0m [38;5;66;03m#import AI4NP_detector_opt.sol2.detector2 as detector2[39;00m
[1;32m     10[0m [38;5;28;01mimport[39;00m [38;5;21;01mdetector2[39;00m
[0;32m---> 11[0m [38;5;28;01mfrom[39;00m [38;5;21;01mpymoo[39;00m[38;5;21;01m.[39;00m[38;5;21;01malgorithms[39;00m[38;5;21;01m.[39;00m[38;5;21;01mmoo[39;00m[38;5;21;01m.[39;00m[38;5;21;01mnsga2[39;00m [38;5;28;01mimport[39;00m NSGA2
[1;32m     12[0m [38;5;28;01mfrom[39;00m [38;5;21;01mpymoo[39;00m[38;5;21;01m.[39;00m[38;5;21;01mcore[39;00m[38;5;21;01m.[39;00m[38;5;21;01mproblem[39;00m [38;5;28;01mimport[39;00m Problem
[1;32m     13[0m [38;5;28;01mfrom[39;00m [38;5;21;01mpymoo[39;00m[38;5;21;01m.[39;00m[38;5;21;01moptimize[39;00m [38;5;28;01mimport[39;00m minimize

File [0;32m~/miniconda3/envs/env_jupyter-book/lib/python3.12/site-packages/pymoo/algorithms/moo/nsga2.py:4[0m
[1;32m      1[0m [38;5;28;01mimport[39;00m [38;5;21;01mnumpy[39;00m [38;5;28;01mas[39;00m [38;5;21;01mnp[39;00m
[1;32m      2[0m [38;5;28;01mimport[39;00m [38;5;21;01mwarnings[39;00m
[0;32m----> 4[0m [38;5;28;01mfrom[39;00m [38;5;21;01mpymoo[39;00m[38;5;21;01m.[39;00m[38;5;21;01malgorithms[39;00m[38;5;21;01m.[39;00m[38;5;21;01mbase[39;00m[38;5;21;01m.[39;00m[38;5;21;01mgenetic[39;00m [38;5;28;01mimport[39;00m GeneticAlgorithm
[1;32m      5[0m [38;5;28;01mfrom[39;00m [38;5;21;01mpymoo[39;00m[38;5;21;01m.[39;00m[38;5;21;01mdocs[39;00m [38;5;28;01mimport[39;00m parse_doc_string
[1;32m      6[0m [38;5;28;01mfrom[39;00m [38;5;21;01mpymoo[39;00m[38;5;21;01m.[39;00m[38;5;21;01moperators[39;00m[38;5;21;01m.[39;00m[38;5;21;01mcrossover[39;00m[38;5;21;01m.[39;00m[38;5;21;01msbx[39;00m [38;5;28;01mimport[39;00m SBX

File [0;32m~/miniconda3/envs/env_jupyter-book/lib/python3.12/site-packages/pymoo/algorithms/base/genetic.py:1[0m
[0;32m----> 1[0m [38;5;28;01mfrom[39;00m [38;5;21;01mpymoo[39;00m[38;5;21;01m.[39;00m[38;5;21;01mcore[39;00m[38;5;21;01m.[39;00m[38;5;21;01malgorithm[39;00m [38;5;28;01mimport[39;00m Algorithm
[1;32m      2[0m [38;5;28;01mfrom[39;00m [38;5;21;01mpymoo[39;00m[38;5;21;01m.[39;00m[38;5;21;01mcore[39;00m[38;5;21;01m.[39;00m[38;5;21;01mduplicate[39;00m [38;5;28;01mimport[39;00m DefaultDuplicateElimination, NoDuplicateElimination
[1;32m      3[0m [38;5;28;01mfrom[39;00m [38;5;21;01mpymoo[39;00m[38;5;21;01m.[39;00m[38;5;21;01mcore[39;00m[38;5;21;01m.[39;00m[38;5;21;01minitialization[39;00m [38;5;28;01mimport[39;00m Initialization

File [0;32m~/miniconda3/envs/env_jupyter-book/lib/python3.12/site-packages/pymoo/core/algorithm.py:7[0m
[1;32m      4[0m [38;5;28;01mimport[39;00m [38;5;21;01mnumpy[39;00m [38;5;28;01mas[39;00m [38;5;21;01mnp[39;00m
[1;32m      6[0m [38;5;28;01mfrom[39;00m [38;5;21;01mpymoo[39;00m[38;5;21;01m.[39;00m[38;5;21;01mcore[39;00m[38;5;21;01m.[39;00m[38;5;21;01mcallback[39;00m [38;5;28;01mimport[39;00m Callback
[0;32m----> 7[0m [38;5;28;01mfrom[39;00m [38;5;21;01mpymoo[39;00m[38;5;21;01m.[39;00m[38;5;21;01mcore[39;00m[38;5;21;01m.[39;00m[38;5;21;01mevaluator[39;00m [38;5;28;01mimport[39;00m Evaluator
[1;32m      8[0m [38;5;28;01mfrom[39;00m [38;5;21;01mpymoo[39;00m[38;5;21;01m.[39;00m[38;5;21;01mcore[39;00m[38;5;21;01m.[39;00m[38;5;21;01mpopulation[39;00m [38;5;28;01mimport[39;00m Population
[1;32m      9[0m [38;5;28;01mfrom[39;00m [38;5;21;01mpymoo[39;00m[38;5;21;01m.[39;00m[38;5;21;01mcore[39;00m[38;5;21;01m.[39;00m[38;5;21;01mresult[39;00m [38;5;28;01mimport[39;00m Result

File [0;32m~/miniconda3/envs/env_jupyter-book/lib/python3.12/site-packages/pymoo/core/evaluator.py:5[0m
[1;32m      3[0m [38;5;28;01mfrom[39;00m [38;5;21;01mpymoo[39;00m[38;5;21;01m.[39;00m[38;5;21;01mcore[39;00m[38;5;21;01m.[39;00m[38;5;21;01mindividual[39;00m [38;5;28;01mimport[39;00m Individual
[1;32m      4[0m [38;5;28;01mfrom[39;00m [38;5;21;01mpymoo[39;00m[38;5;21;01m.[39;00m[38;5;21;01mcore[39;00m[38;5;21;01m.[39;00m[38;5;21;01mpopulation[39;00m [38;5;28;01mimport[39;00m Population
[0;32m----> 5[0m [38;5;28;01mfrom[39;00m [38;5;21;01mpymoo[39;00m[38;5;21;01m.[39;00m[38;5;21;01mcore[39;00m[38;5;21;01m.[39;00m[38;5;21;01mproblem[39;00m [38;5;28;01mimport[39;00m Problem
[1;32m      8[0m [38;5;28;01mclass[39;00m [38;5;21;01mEvaluator[39;00m:
[1;32m     10[0m     [38;5;28;01mdef[39;00m [38;5;21m__init__[39m([38;5;28mself[39m,
[1;32m     11[0m                  skip_already_evaluated: [38;5;28mbool[39m [38;5;241m=[39m [38;5;28;01mTrue[39;00m,
[1;32m     12[0m                  evaluate_values_of: [38;5;28mlist[39m [38;5;241m=[39m [[38;5;124m"[39m[38;5;124mF[39m[38;5;124m"[39m, [38;5;124m"[39m[38;5;124mG[39m[38;5;124m"[39m, [38;5;124m"[39m[38;5;124mH[39m[38;5;124m"[39m],
[1;32m     13[0m                  callback[38;5;241m=[39m[38;5;28;01mNone[39;00m):

File [0;32m~/miniconda3/envs/env_jupyter-book/lib/python3.12/site-packages/pymoo/core/problem.py:5[0m
[1;32m      1[0m [38;5;28;01mfrom[39;00m [38;5;21;01mabc[39;00m [38;5;28;01mimport[39;00m abstractmethod
[1;32m      3[0m [38;5;28;01mimport[39;00m [38;5;21;01mnumpy[39;00m [38;5;28;01mas[39;00m [38;5;21;01mnp[39;00m
[0;32m----> 5[0m [38;5;28;01mimport[39;00m [38;5;21;01mpymoo[39;00m[38;5;21;01m.[39;00m[38;5;21;01mgradient[39;00m[38;5;21;01m.[39;00m[38;5;21;01mtoolbox[39;00m [38;5;28;01mas[39;00m [38;5;21;01manp[39;00m
[1;32m      6[0m [38;5;28;01mfrom[39;00m [38;5;21;01mpymoo[39;00m[38;5;21;01m.[39;00m[38;5;21;01mutil[39;00m[38;5;21;01m.[39;00m[38;5;21;01mcache[39;00m [38;5;28;01mimport[39;00m Cache
[1;32m      7[0m [38;5;28;01mfrom[39;00m [38;5;21;01mpymoo[39;00m[38;5;21;01m.[39;00m[38;5;21;01mutil[39;00m[38;5;21;01m.[39;00m[38;5;21;01mmisc[39;00m [38;5;28;01mimport[39;00m at_least_2d_array

File [0;32m~/miniconda3/envs/env_jupyter-book/lib/python3.12/site-packages/pymoo/gradient/toolbox/__init__.py:6[0m
[1;32m      2[0m [38;5;28;01mimport[39;00m [38;5;21;01msys[39;00m
[1;32m      4[0m [38;5;28;01mfrom[39;00m [38;5;21;01mpymoo[39;00m[38;5;21;01m.[39;00m[38;5;21;01mgradient[39;00m [38;5;28;01mimport[39;00m TOOLBOX
[0;32m----> 6[0m sys[38;5;241m.[39mmodules[[38;5;18m__name__[39m] [38;5;241m=[39m [43mimportlib[49m[38;5;241;43m.[39;49m[43mimport_module[49m[43m([49m[43mTOOLBOX[49m[43m)[49m

File [0;32m~/miniconda3/envs/env_jupyter-book/lib/python3.12/importlib/__init__.py:90[0m, in [0;36mimport_module[0;34m(name, package)[0m
[1;32m     88[0m             [38;5;28;01mbreak[39;00m
[1;32m     89[0m         level [38;5;241m+[39m[38;5;241m=[39m [38;5;241m1[39m
[0;32m---> 90[0m [38;5;28;01mreturn[39;00m [43m_bootstrap[49m[38;5;241;43m.[39;49m[43m_gcd_import[49m[43m([49m[43mname[49m[43m[[49m[43mlevel[49m[43m:[49m[43m][49m[43m,[49m[43m [49m[43mpackage[49m[43m,[49m[43m [49m[43mlevel[49m[43m)[49m

File [0;32m~/miniconda3/envs/env_jupyter-book/lib/python3.12/site-packages/autograd/__init__.py:2[0m
[1;32m      1[0m [38;5;28;01mfrom[39;00m [38;5;21;01m__future__[39;00m [38;5;28;01mimport[39;00m absolute_import
[0;32m----> 2[0m [38;5;28;01mfrom[39;00m [38;5;21;01m.[39;00m[38;5;21;01mdifferential_operators[39;00m [38;5;28;01mimport[39;00m (
[1;32m      3[0m     make_vjp, grad, multigrad_dict, elementwise_grad, value_and_grad,
[1;32m      4[0m     grad_and_aux, hessian_tensor_product, hessian_vector_product, hessian,
[1;32m      5[0m     jacobian, tensor_jacobian_product, vector_jacobian_product, grad_named,
[1;32m      6[0m     checkpoint, make_hvp, make_jvp, make_ggnvp, deriv, holomorphic_grad)
[1;32m      7[0m [38;5;28;01mfrom[39;00m [38;5;21;01m.[39;00m[38;5;21;01mbuiltins[39;00m [38;5;28;01mimport[39;00m [38;5;28misinstance[39m, [38;5;28mtype[39m, [38;5;28mtuple[39m, [38;5;28mlist[39m, [38;5;28mdict[39m
[1;32m      8[0m [38;5;28;01mfrom[39;00m [38;5;21;01mautograd[39;00m[38;5;21;01m.[39;00m[38;5;21;01mcore[39;00m [38;5;28;01mimport[39;00m primitive_with_deprecation_warnings [38;5;28;01mas[39;00m primitive

File [0;32m~/miniconda3/envs/env_jupyter-book/lib/python3.12/site-packages/autograd/differential_operators.py:16[0m
[1;32m     13[0m [38;5;28;01mfrom[39;00m [38;5;21;01m.[39;00m[38;5;21;01mcore[39;00m [38;5;28;01mimport[39;00m make_vjp [38;5;28;01mas[39;00m _make_vjp, make_jvp [38;5;28;01mas[39;00m _make_jvp
[1;32m     14[0m [38;5;28;01mfrom[39;00m [38;5;21;01m.[39;00m[38;5;21;01mextend[39;00m [38;5;28;01mimport[39;00m primitive, defvjp_argnum, vspace
[0;32m---> 16[0m [38;5;28;01mimport[39;00m [38;5;21;01mautograd[39;00m[38;5;21;01m.[39;00m[38;5;21;01mnumpy[39;00m [38;5;28;01mas[39;00m [38;5;21;01mnp[39;00m
[1;32m     18[0m make_vjp [38;5;241m=[39m unary_to_nary(_make_vjp)
[1;32m     19[0m make_jvp [38;5;241m=[39m unary_to_nary(_make_jvp)

File [0;32m~/miniconda3/envs/env_jupyter-book/lib/python3.12/site-packages/autograd/numpy/__init__.py:5[0m
[1;32m      3[0m [38;5;28;01mfrom[39;00m [38;5;21;01m.[39;00m [38;5;28;01mimport[39;00m numpy_boxes
[1;32m      4[0m [38;5;28;01mfrom[39;00m [38;5;21;01m.[39;00m [38;5;28;01mimport[39;00m numpy_vspaces
[0;32m----> 5[0m [38;5;28;01mfrom[39;00m [38;5;21;01m.[39;00m [38;5;28;01mimport[39;00m numpy_vjps
[1;32m      6[0m [38;5;28;01mfrom[39;00m [38;5;21;01m.[39;00m [38;5;28;01mimport[39;00m numpy_jvps
[1;32m      7[0m [38;5;28;01mfrom[39;00m [38;5;21;01m.[39;00m [38;5;28;01mimport[39;00m linalg

File [0;32m~/miniconda3/envs/env_jupyter-book/lib/python3.12/site-packages/autograd/numpy/numpy_vjps.py:563[0m
[1;32m    561[0m     [38;5;28;01mreturn[39;00m [38;5;28;01mlambda[39;00m g: unpermuter(g, sort_perm)
[1;32m    562[0m defvjp(anp[38;5;241m.[39msort, grad_sort)
[0;32m--> 563[0m defvjp([43manp[49m[38;5;241;43m.[39;49m[43mmsort[49m, grad_sort)  [38;5;66;03m# Until multi-D is allowed, these are the same.[39;00m
[1;32m    565[0m [38;5;28;01mdef[39;00m [38;5;21mgrad_partition[39m(ans, x, kth, axis[38;5;241m=[39m[38;5;241m-[39m[38;5;241m1[39m, kind[38;5;241m=[39m[38;5;124m'[39m[38;5;124mintroselect[39m[38;5;124m'[39m, order[38;5;241m=[39m[38;5;28;01mNone[39;00m):
[1;32m    566[0m     [38;5;66;03m#TODO: Cast input with np.asanyarray()[39;00m
[1;32m    567[0m     [38;5;28;01mif[39;00m [38;5;28mlen[39m(x[38;5;241m.[39mshape) [38;5;241m>[39m [38;5;241m1[39m:

File [0;32m~/miniconda3/envs/env_jupyter-book/lib/python3.12/site-packages/autograd/tracer.py:48[0m, in [0;36mprimitive.<locals>.f_wrapped[0;34m(*args, **kwargs)[0m
[1;32m     46[0m     [38;5;28;01mreturn[39;00m new_box(ans, trace, node)
[1;32m     47[0m [38;5;28;01melse[39;00m:
[0;32m---> 48[0m     [38;5;28;01mreturn[39;00m [43mf_raw[49m[43m([49m[38;5;241;43m*[39;49m[43margs[49m[43m,[49m[43m [49m[38;5;241;43m*[39;49m[38;5;241;43m*[39;49m[43mkwargs[49m[43m)[49m

File [0;32m~/miniconda3/envs/env_jupyter-book/lib/python3.12/site-packages/numpy/__init__.py:410[0m, in [0;36m__getattr__[0;34m(attr)[0m
[1;32m    407[0m     [38;5;28;01mimport[39;00m [38;5;21;01mnumpy[39;00m[38;5;21;01m.[39;00m[38;5;21;01mchar[39;00m [38;5;28;01mas[39;00m [38;5;21;01mchar[39;00m
[1;32m    408[0m     [38;5;28;01mreturn[39;00m char[38;5;241m.[39mchararray
[0;32m--> 410[0m [38;5;28;01mraise[39;00m [38;5;167;01mAttributeError[39;00m([38;5;124m"[39m[38;5;124mmodule [39m[38;5;132;01m{!r}[39;00m[38;5;124m has no attribute [39m[38;5;124m"[39m
[1;32m    411[0m                      [38;5;124m"[39m[38;5;132;01m{!r}[39;00m[38;5;124m"[39m[38;5;241m.[39mformat([38;5;18m__name__[39m, attr))

[0;31mAttributeError[0m: module 'numpy' has no attribute 'msort'

